# JRE version: OpenJDK Runtime Environment (21.0.7) (build 21.0.7+-13880790-b1038.58)
# Java VM: OpenJDK 64-Bit Server VM (21.0.7+-13880790-b1038.58, mixed mode, tiered, compressed oops, compressed class ptrs, g1 gc, linux-amd64)
GC Precious Log:
 CardTable entry size: 512
 Card Set container configuration: InlinePtr #cards 5 size 8 Array Of Cards #cards 12 size 40 Howl #buckets 4 coarsen threshold 1843 Howl Bitmap #cards 512 size 80 coarsen threshold 460 Card regions per heap region 1 cards per card region 2048
 CPUs: 8 total, 8 available
 Memory: 19799M
 Large Page Support: Disabled
 NUMA Support: Disabled
 Compressed Oops: Enabled (32-bit)
 Heap Region Size: 1M
 Heap Min Capacity: 8M
 Heap Initial Capacity: 310M
 Heap Max Capacity: 2G
 Pre-touch: Disabled
 Parallel Workers: 8
 Concurrent Workers: 2
 Concurrent Refinement Workers: 8
 Periodic GC: Disabled
Heap:
 garbage-first heap   total 212992K, used 167842K [0x0000000080000000, 0x0000000100000000)
  region size 1024K, 73 young (74752K), 12 survivors (12288K)
 Metaspace       used 118663K, committed 121024K, reserved 1179648K
  class space    used 16492K, committed 17664K, reserved 1048576K
GC Heap History (20 events):
Event: 5.186 GC heap before
{Heap before GC invocations=16 (full 0):
 garbage-first heap   total 147456K, used 110822K [0x0000000080000000, 0x0000000100000000)
  region size 1024K, 60 young (61440K), 5 survivors (5120K)
 Metaspace       used 73024K, committed 74816K, reserved 1114112K
  class space    used 10021K, committed 10880K, reserved 1048576K
}
Event: 5.191 GC heap after
{Heap after GC invocations=17 (full 0):
 garbage-first heap   total 177152K, used 57851K [0x0000000080000000, 0x0000000100000000)
  region size 1024K, 8 young (8192K), 8 survivors (8192K)
 Metaspace       used 73024K, committed 74816K, reserved 1114112K
  class space    used 10021K, committed 10880K, reserved 1048576K
}
Event: 5.196 GC heap before
{Heap before GC invocations=17 (full 0):
 garbage-first heap   total 177152K, used 58875K [0x0000000080000000, 0x0000000100000000)
  region size 1024K, 9 young (9216K), 8 survivors (8192K)
 Metaspace       used 73035K, committed 74880K, reserved 1114112K
  class space    used 10023K, committed 10880K, reserved 1048576K
}
Event: 5.200 GC heap after
{Heap after GC invocations=18 (full 0):
 garbage-first heap   total 177152K, used 59475K [0x0000000080000000, 0x0000000100000000)
  region size 1024K, 6 young (6144K), 6 survivors (6144K)
 Metaspace       used 73035K, committed 74880K, reserved 1114112K
  class space    used 10023K, committed 10880K, reserved 1048576K
}
Event: 5.670 GC heap before
{Heap before GC invocations=19 (full 0):
 garbage-first heap   total 177152K, used 145491K [0x0000000080000000, 0x0000000100000000)
  region size 1024K, 81 young (82944K), 6 survivors (6144K)
 Metaspace       used 79380K, committed 81216K, reserved 1179648K
  class space    used 10760K, committed 11648K, reserved 1048576K
}
Event: 5.675 GC heap after
{Heap after GC invocations=20 (full 0):
 garbage-first heap   total 177152K, used 76281K [0x0000000080000000, 0x0000000100000000)
  region size 1024K, 11 young (11264K), 11 survivors (11264K)
 Metaspace       used 79380K, committed 81216K, reserved 1179648K
  class space    used 10760K, committed 11648K, reserved 1048576K
}
Event: 6.221 GC heap before
{Heap before GC invocations=20 (full 0):
 garbage-first heap   total 177152K, used 150009K [0x0000000080000000, 0x0000000100000000)
  region size 1024K, 78 young (79872K), 11 survivors (11264K)
 Metaspace       used 85229K, committed 87168K, reserved 1179648K
  class space    used 11588K, committed 12544K, reserved 1048576K
}
Event: 6.227 GC heap after
{Heap after GC invocations=21 (full 0):
 garbage-first heap   total 177152K, used 83434K [0x0000000080000000, 0x0000000100000000)
  region size 1024K, 7 young (7168K), 7 survivors (7168K)
 Metaspace       used 85229K, committed 87168K, reserved 1179648K
  class space    used 11588K, committed 12544K, reserved 1048576K
}
Event: 6.731 GC heap before
{Heap before GC invocations=21 (full 0):
 garbage-first heap   total 177152K, used 149994K [0x0000000080000000, 0x0000000100000000)
  region size 1024K, 72 young (73728K), 7 survivors (7168K)
 Metaspace       used 91778K, committed 93696K, reserved 1179648K
  class space    used 12427K, committed 13376K, reserved 1048576K
}
Event: 6.736 GC heap after
{Heap after GC invocations=22 (full 0):
 garbage-first heap   total 177152K, used 87002K [0x0000000080000000, 0x0000000100000000)
  region size 1024K, 4 young (4096K), 4 survivors (4096K)
 Metaspace       used 91778K, committed 93696K, reserved 1179648K
  class space    used 12427K, committed 13376K, reserved 1048576K
}
Event: 7.129 GC heap before
{Heap before GC invocations=23 (full 0):
 garbage-first heap   total 177152K, used 153562K [0x0000000080000000, 0x0000000100000000)
  region size 1024K, 69 young (70656K), 4 survivors (4096K)
 Metaspace       used 96096K, committed 98112K, reserved 1179648K
  class space    used 13064K, committed 14016K, reserved 1048576K
}
Event: 7.134 GC heap after
{Heap after GC invocations=24 (full 0):
 garbage-first heap   total 177152K, used 91532K [0x0000000080000000, 0x0000000100000000)
  region size 1024K, 9 young (9216K), 9 survivors (9216K)
 Metaspace       used 96096K, committed 98112K, reserved 1179648K
  class space    used 13064K, committed 14016K, reserved 1048576K
}
Event: 7.463 GC heap before
{Heap before GC invocations=24 (full 0):
 garbage-first heap   total 177152K, used 155020K [0x0000000080000000, 0x0000000100000000)
  region size 1024K, 71 young (72704K), 9 survivors (9216K)
 Metaspace       used 99779K, committed 101760K, reserved 1179648K
  class space    used 13559K, committed 14528K, reserved 1048576K
}
Event: 7.470 GC heap after
{Heap after GC invocations=25 (full 0):
 garbage-first heap   total 177152K, used 94526K [0x0000000080000000, 0x0000000100000000)
  region size 1024K, 6 young (6144K), 6 survivors (6144K)
 Metaspace       used 99779K, committed 101760K, reserved 1179648K
  class space    used 13559K, committed 14528K, reserved 1048576K
}
Event: 7.810 GC heap before
{Heap before GC invocations=25 (full 0):
 garbage-first heap   total 177152K, used 156990K [0x0000000080000000, 0x0000000100000000)
  region size 1024K, 67 young (68608K), 6 survivors (6144K)
 Metaspace       used 104677K, committed 106752K, reserved 1179648K
  class space    used 14397K, committed 15424K, reserved 1048576K
}
Event: 7.814 GC heap after
{Heap after GC invocations=26 (full 0):
 garbage-first heap   total 212992K, used 96739K [0x0000000080000000, 0x0000000100000000)
  region size 1024K, 3 young (3072K), 3 survivors (3072K)
 Metaspace       used 104677K, committed 106752K, reserved 1179648K
  class space    used 14397K, committed 15424K, reserved 1048576K
}
Event: 8.386 GC heap before
{Heap before GC invocations=27 (full 0):
 garbage-first heap   total 212992K, used 183779K [0x0000000080000000, 0x0000000100000000)
  region size 1024K, 88 young (90112K), 3 survivors (3072K)
 Metaspace       used 110825K, committed 113024K, reserved 1179648K
  class space    used 15375K, committed 16448K, reserved 1048576K
}
Event: 8.392 GC heap after
{Heap after GC invocations=28 (full 0):
 garbage-first heap   total 212992K, used 100598K [0x0000000080000000, 0x0000000100000000)
  region size 1024K, 7 young (7168K), 7 survivors (7168K)
 Metaspace       used 110825K, committed 113024K, reserved 1179648K
  class space    used 15375K, committed 16448K, reserved 1048576K
}
Event: 9.024 GC heap before
{Heap before GC invocations=28 (full 0):
 garbage-first heap   total 212992K, used 187638K [0x0000000080000000, 0x0000000100000000)
  region size 1024K, 92 young (94208K), 7 survivors (7168K)
 Metaspace       used 116762K, committed 118976K, reserved 1179648K
  class space    used 16191K, committed 17280K, reserved 1048576K
}
Event: 9.032 GC heap after
{Heap after GC invocations=29 (full 0):
 garbage-first heap   total 212992K, used 106402K [0x0000000080000000, 0x0000000100000000)
  region size 1024K, 12 young (12288K), 12 survivors (12288K)
 Metaspace       used 116762K, committed 118976K, reserved 1179648K
  class space    used 16191K, committed 17280K, reserved 1048576K
}

