# JRE version: OpenJDK Runtime Environment (21.0.7) (build 21.0.7+-13880790-b1038.58)
# Java VM: OpenJDK 64-Bit Server VM (21.0.7+-13880790-b1038.58, mixed mode, tiered, compressed oops, compressed class ptrs, g1 gc, linux-amd64)
GC Precious Log:
 CardTable entry size: 512
 Card Set container configuration: InlinePtr #cards 5 size 8 Array Of Cards #cards 12 size 40 Howl #buckets 4 coarsen threshold 1843 Howl Bitmap #cards 512 size 80 coarsen threshold 460 Card regions per heap region 1 cards per card region 2048
 CPUs: 8 total, 8 available
 Memory: 19799M
 Large Page Support: Disabled
 NUMA Support: Disabled
 Compressed Oops: Enabled (32-bit)
 Heap Region Size: 1M
 Heap Min Capacity: 8M
 Heap Initial Capacity: 310M
 Heap Max Capacity: 2G
 Pre-touch: Disabled
 Parallel Workers: 8
 Concurrent Workers: 2
 Concurrent Refinement Workers: 8
 Periodic GC: Disabled
Heap:
 garbage-first heap   total 279552K, used 247808K [0x0000000080000000, 0x0000000100000000)
  region size 1024K, 63 young (64512K), 10 survivors (10240K)
 Metaspace       used 132193K, committed 134656K, reserved 1179648K
  class space    used 18315K, committed 19520K, reserved 1048576K
GC Heap History (20 events):
Event: 10.549 GC heap before
{Heap before GC invocations=29 (full 0):
 garbage-first heap   total 207872K, used 186388K [0x0000000080000000, 0x0000000100000000)
  region size 1024K, 87 young (89088K), 9 survivors (9216K)
 Metaspace       used 116877K, committed 119232K, reserved 1179648K
  class space    used 16171K, committed 17344K, reserved 1048576K
}
Event: 10.556 GC heap after
{Heap after GC invocations=30 (full 0):
 garbage-first heap   total 207872K, used 110963K [0x0000000080000000, 0x0000000100000000)
  region size 1024K, 10 young (10240K), 10 survivors (10240K)
 Metaspace       used 116877K, committed 119232K, reserved 1179648K
  class space    used 16171K, committed 17344K, reserved 1048576K
}
Event: 10.986 GC heap before
{Heap before GC invocations=31 (full 0):
 garbage-first heap   total 207872K, used 185715K [0x0000000080000000, 0x0000000100000000)
  region size 1024K, 83 young (84992K), 10 survivors (10240K)
 Metaspace       used 118273K, committed 120576K, reserved 1179648K
  class space    used 16379K, committed 17536K, reserved 1048576K
}
Event: 10.996 GC heap after
{Heap after GC invocations=32 (full 0):
 garbage-first heap   total 207872K, used 120832K [0x0000000080000000, 0x0000000100000000)
  region size 1024K, 11 young (11264K), 11 survivors (11264K)
 Metaspace       used 118273K, committed 120576K, reserved 1179648K
  class space    used 16379K, committed 17536K, reserved 1048576K
}
Event: 11.247 GC heap before
{Heap before GC invocations=32 (full 0):
 garbage-first heap   total 207872K, used 184320K [0x0000000080000000, 0x0000000100000000)
  region size 1024K, 74 young (75776K), 11 survivors (11264K)
 Metaspace       used 119834K, committed 122176K, reserved 1179648K
  class space    used 16591K, committed 17792K, reserved 1048576K
}
Event: 11.258 GC heap after
{Heap after GC invocations=33 (full 0):
 garbage-first heap   total 208896K, used 130560K [0x0000000080000000, 0x0000000100000000)
  region size 1024K, 10 young (10240K), 10 survivors (10240K)
 Metaspace       used 119834K, committed 122176K, reserved 1179648K
  class space    used 16591K, committed 17792K, reserved 1048576K
}
Event: 11.411 GC heap before
{Heap before GC invocations=33 (full 0):
 garbage-first heap   total 208896K, used 185856K [0x0000000080000000, 0x0000000100000000)
  region size 1024K, 65 young (66560K), 10 survivors (10240K)
 Metaspace       used 120310K, committed 122752K, reserved 1179648K
  class space    used 16683K, committed 17856K, reserved 1048576K
}
Event: 11.418 GC heap after
{Heap after GC invocations=34 (full 0):
 garbage-first heap   total 208896K, used 133023K [0x0000000080000000, 0x0000000100000000)
  region size 1024K, 5 young (5120K), 5 survivors (5120K)
 Metaspace       used 120310K, committed 122752K, reserved 1179648K
  class space    used 16683K, committed 17856K, reserved 1048576K
}
Event: 11.822 GC heap before
{Heap before GC invocations=35 (full 0):
 garbage-first heap   total 222208K, used 195487K [0x0000000080000000, 0x0000000100000000)
  region size 1024K, 62 young (63488K), 5 survivors (5120K)
 Metaspace       used 121907K, committed 124224K, reserved 1179648K
  class space    used 16826K, committed 17984K, reserved 1048576K
}
Event: 11.827 GC heap after
{Heap after GC invocations=36 (full 0):
 garbage-first heap   total 222208K, used 136562K [0x0000000080000000, 0x0000000100000000)
  region size 1024K, 8 young (8192K), 8 survivors (8192K)
 Metaspace       used 121907K, committed 124224K, reserved 1179648K
  class space    used 16826K, committed 17984K, reserved 1048576K
}
Event: 12.052 GC heap before
{Heap before GC invocations=36 (full 0):
 garbage-first heap   total 222208K, used 200050K [0x0000000080000000, 0x0000000100000000)
  region size 1024K, 71 young (72704K), 8 survivors (8192K)
 Metaspace       used 122875K, committed 125184K, reserved 1179648K
  class space    used 16932K, committed 18048K, reserved 1048576K
}
Event: 12.063 GC heap after
{Heap after GC invocations=37 (full 0):
 garbage-first heap   total 222208K, used 137772K [0x0000000080000000, 0x0000000100000000)
  region size 1024K, 6 young (6144K), 6 survivors (6144K)
 Metaspace       used 122875K, committed 125184K, reserved 1179648K
  class space    used 16932K, committed 18048K, reserved 1048576K
}
Event: 12.160 GC heap before
{Heap before GC invocations=37 (full 0):
 garbage-first heap   total 222208K, used 201260K [0x0000000080000000, 0x0000000100000000)
  region size 1024K, 69 young (70656K), 6 survivors (6144K)
 Metaspace       used 123782K, committed 126080K, reserved 1179648K
  class space    used 17065K, committed 18176K, reserved 1048576K
}
Event: 12.169 GC heap after
{Heap after GC invocations=38 (full 0):
 garbage-first heap   total 279552K, used 152710K [0x0000000080000000, 0x0000000100000000)
  region size 1024K, 9 young (9216K), 9 survivors (9216K)
 Metaspace       used 123782K, committed 126080K, reserved 1179648K
  class space    used 17065K, committed 18176K, reserved 1048576K
}
Event: 12.391 GC heap before
{Heap before GC invocations=39 (full 0):
 garbage-first heap   total 279552K, used 243846K [0x0000000080000000, 0x0000000100000000)
  region size 1024K, 99 young (101376K), 9 survivors (9216K)
 Metaspace       used 127703K, committed 130048K, reserved 1179648K
  class space    used 17703K, committed 18880K, reserved 1048576K
}
Event: 12.402 GC heap after
{Heap after GC invocations=40 (full 0):
 garbage-first heap   total 279552K, used 168960K [0x0000000080000000, 0x0000000100000000)
  region size 1024K, 13 young (13312K), 13 survivors (13312K)
 Metaspace       used 127703K, committed 130048K, reserved 1179648K
  class space    used 17703K, committed 18880K, reserved 1048576K
}
Event: 12.617 GC heap before
{Heap before GC invocations=40 (full 0):
 garbage-first heap   total 279552K, used 245760K [0x0000000080000000, 0x0000000100000000)
  region size 1024K, 89 young (91136K), 13 survivors (13312K)
 Metaspace       used 129595K, committed 132032K, reserved 1179648K
  class space    used 17978K, committed 19200K, reserved 1048576K
}
Event: 12.632 GC heap after
{Heap after GC invocations=41 (full 0):
 garbage-first heap   total 279552K, used 182764K [0x0000000080000000, 0x0000000100000000)
  region size 1024K, 12 young (12288K), 12 survivors (12288K)
 Metaspace       used 129595K, committed 132032K, reserved 1179648K
  class space    used 17978K, committed 19200K, reserved 1048576K
}
Event: 12.761 GC heap before
{Heap before GC invocations=41 (full 0):
 garbage-first heap   total 279552K, used 249324K [0x0000000080000000, 0x0000000100000000)
  region size 1024K, 78 young (79872K), 12 survivors (12288K)
 Metaspace       used 131151K, committed 133632K, reserved 1179648K
  class space    used 18187K, committed 19392K, reserved 1048576K
}
Event: 12.774 GC heap after
{Heap after GC invocations=42 (full 0):
 garbage-first heap   total 279552K, used 195584K [0x0000000080000000, 0x0000000100000000)
  region size 1024K, 10 young (10240K), 10 survivors (10240K)
 Metaspace       used 131151K, committed 133632K, reserved 1179648K
  class space    used 18187K, committed 19392K, reserved 1048576K
}

