# JRE version: OpenJDK Runtime Environment (21.0.7) (build 21.0.7+-13880790-b1038.58)
# Java VM: OpenJDK 64-Bit Server VM (21.0.7+-13880790-b1038.58, mixed mode, tiered, compressed oops, compressed class ptrs, g1 gc, linux-amd64)
GC Precious Log:
 CardTable entry size: 512
 Card Set container configuration: InlinePtr #cards 4 size 8 Array Of Cards #cards 32 size 80 Howl #buckets 8 coarsen threshold 7372 Howl Bitmap #cards 1024 size 144 coarsen threshold 921 Card regions per heap region 1 cards per card region 8192
 CPUs: 8 total, 8 available
 Memory: 19799M
 Large Page Support: Disabled
 NUMA Support: Disabled
 Compressed Oops: Enabled (Zero based)
 Heap Region Size: 4M
 Heap Min Capacity: 8M
 Heap Initial Capacity: 312M
 Heap Max Capacity: 4952M
 Pre-touch: Disabled
 Parallel Workers: 8
 Concurrent Workers: 2
 Concurrent Refinement Workers: 8
 Periodic GC: Disabled
Heap:
 garbage-first heap   total 151552K, used 126666K [0x00000006ca800000, 0x0000000800000000)
  region size 4096K, 10 young (40960K), 2 survivors (8192K)
 Metaspace       used 69509K, committed 69952K, reserved 1114112K
  class space    used 7988K, committed 8192K, reserved 1048576K
GC Heap History (20 events):
Event: 1.030 GC heap after
{Heap after GC invocations=6 (full 0):
 garbage-first heap   total 57344K, used 20817K [0x00000006ca800000, 0x0000000800000000)
  region size 4096K, 1 young (4096K), 1 survivors (4096K)
 Metaspace       used 27804K, committed 28032K, reserved 1114112K
  class space    used 3019K, committed 3136K, reserved 1048576K
}
Event: 1.134 GC heap before
{Heap before GC invocations=6 (full 0):
 garbage-first heap   total 57344K, used 37201K [0x00000006ca800000, 0x0000000800000000)
  region size 4096K, 5 young (20480K), 1 survivors (4096K)
 Metaspace       used 29924K, committed 30272K, reserved 1114112K
  class space    used 3228K, committed 3392K, reserved 1048576K
}
Event: 1.141 GC heap after
{Heap after GC invocations=7 (full 0):
 garbage-first heap   total 188416K, used 24251K [0x00000006ca800000, 0x0000000800000000)
  region size 4096K, 1 young (4096K), 1 survivors (4096K)
 Metaspace       used 29924K, committed 30272K, reserved 1114112K
  class space    used 3228K, committed 3392K, reserved 1048576K
}
Event: 1.357 GC heap before
{Heap before GC invocations=7 (full 0):
 garbage-first heap   total 188416K, used 48827K [0x00000006ca800000, 0x0000000800000000)
  region size 4096K, 8 young (32768K), 1 survivors (4096K)
 Metaspace       used 35837K, committed 36096K, reserved 1114112K
  class space    used 4390K, committed 4544K, reserved 1048576K
}
Event: 1.361 GC heap after
{Heap after GC invocations=8 (full 0):
 garbage-first heap   total 188416K, used 28075K [0x00000006ca800000, 0x0000000800000000)
  region size 4096K, 2 young (8192K), 2 survivors (8192K)
 Metaspace       used 35837K, committed 36096K, reserved 1114112K
  class space    used 4390K, committed 4544K, reserved 1048576K
}
Event: 1.929 GC heap before
{Heap before GC invocations=9 (full 0):
 garbage-first heap   total 110592K, used 85419K [0x00000006ca800000, 0x0000000800000000)
  region size 4096K, 16 young (65536K), 2 survivors (8192K)
 Metaspace       used 49308K, committed 49600K, reserved 1114112K
  class space    used 5753K, committed 5888K, reserved 1048576K
}
Event: 1.935 GC heap after
{Heap after GC invocations=10 (full 0):
 garbage-first heap   total 110592K, used 32795K [0x00000006ca800000, 0x0000000800000000)
  region size 4096K, 2 young (8192K), 2 survivors (8192K)
 Metaspace       used 49308K, committed 49600K, reserved 1114112K
  class space    used 5753K, committed 5888K, reserved 1048576K
}
Event: 2.304 GC heap before
{Heap before GC invocations=10 (full 0):
 garbage-first heap   total 110592K, used 81947K [0x00000006ca800000, 0x0000000800000000)
  region size 4096K, 14 young (57344K), 2 survivors (8192K)
 Metaspace       used 51829K, committed 52096K, reserved 1114112K
  class space    used 5970K, committed 6080K, reserved 1048576K
}
Event: 2.318 GC heap after
{Heap after GC invocations=11 (full 0):
 garbage-first heap   total 110592K, used 47060K [0x00000006ca800000, 0x0000000800000000)
  region size 4096K, 2 young (8192K), 2 survivors (8192K)
 Metaspace       used 51829K, committed 52096K, reserved 1114112K
  class space    used 5970K, committed 6080K, reserved 1048576K
}
Event: 2.723 GC heap before
{Heap before GC invocations=11 (full 0):
 garbage-first heap   total 110592K, used 83924K [0x00000006ca800000, 0x0000000800000000)
  region size 4096K, 11 young (45056K), 2 survivors (8192K)
 Metaspace       used 56322K, committed 56640K, reserved 1114112K
  class space    used 6500K, committed 6656K, reserved 1048576K
}
Event: 2.740 GC heap after
{Heap after GC invocations=12 (full 0):
 garbage-first heap   total 110592K, used 55808K [0x00000006ca800000, 0x0000000800000000)
  region size 4096K, 2 young (8192K), 2 survivors (8192K)
 Metaspace       used 56322K, committed 56640K, reserved 1114112K
  class space    used 6500K, committed 6656K, reserved 1048576K
}
Event: 2.880 GC heap before
{Heap before GC invocations=12 (full 0):
 garbage-first heap   total 110592K, used 84480K [0x00000006ca800000, 0x0000000800000000)
  region size 4096K, 9 young (36864K), 2 survivors (8192K)
 Metaspace       used 56951K, committed 57344K, reserved 1114112K
  class space    used 6563K, committed 6720K, reserved 1048576K
}
Event: 2.892 GC heap after
{Heap after GC invocations=13 (full 0):
 garbage-first heap   total 151552K, used 65536K [0x00000006ca800000, 0x0000000800000000)
  region size 4096K, 2 young (8192K), 2 survivors (8192K)
 Metaspace       used 56951K, committed 57344K, reserved 1114112K
  class space    used 6563K, committed 6720K, reserved 1048576K
}
Event: 3.390 GC heap before
{Heap before GC invocations=13 (full 0):
 garbage-first heap   total 151552K, used 102400K [0x00000006ca800000, 0x0000000800000000)
  region size 4096K, 12 young (49152K), 2 survivors (8192K)
 Metaspace       used 60858K, committed 61120K, reserved 1114112K
  class space    used 7062K, committed 7168K, reserved 1048576K
}
Event: 3.405 GC heap after
{Heap after GC invocations=14 (full 0):
 garbage-first heap   total 151552K, used 76012K [0x00000006ca800000, 0x0000000800000000)
  region size 4096K, 2 young (8192K), 2 survivors (8192K)
 Metaspace       used 60858K, committed 61120K, reserved 1114112K
  class space    used 7062K, committed 7168K, reserved 1048576K
}
Event: 3.889 GC heap before
{Heap before GC invocations=15 (full 0):
 garbage-first heap   total 151552K, used 121068K [0x00000006ca800000, 0x0000000800000000)
  region size 4096K, 13 young (53248K), 2 survivors (8192K)
 Metaspace       used 65126K, committed 65536K, reserved 1114112K
  class space    used 7602K, committed 7808K, reserved 1048576K
}
Event: 3.897 GC heap after
{Heap after GC invocations=16 (full 0):
 garbage-first heap   total 151552K, used 85804K [0x00000006ca800000, 0x0000000800000000)
  region size 4096K, 2 young (8192K), 2 survivors (8192K)
 Metaspace       used 65126K, committed 65536K, reserved 1114112K
  class space    used 7602K, committed 7808K, reserved 1048576K
}
Event: 4.247 GC heap before
{Heap before GC invocations=16 (full 0):
 garbage-first heap   total 151552K, used 122668K [0x00000006ca800000, 0x0000000800000000)
  region size 4096K, 11 young (45056K), 2 survivors (8192K)
 Metaspace       used 68056K, committed 68416K, reserved 1114112K
  class space    used 7870K, committed 8064K, reserved 1048576K
}
Event: 4.258 GC heap after
{Heap after GC invocations=17 (full 0):
 garbage-first heap   total 151552K, used 93898K [0x00000006ca800000, 0x0000000800000000)
  region size 4096K, 2 young (8192K), 2 survivors (8192K)
 Metaspace       used 68056K, committed 68416K, reserved 1114112K
  class space    used 7870K, committed 8064K, reserved 1048576K
}
Event: 4.622 GC heap before
{Heap before GC invocations=17 (full 0):
 garbage-first heap   total 151552K, used 126666K [0x00000006ca800000, 0x0000000800000000)
  region size 4096K, 10 young (40960K), 2 survivors (8192K)
 Metaspace       used 69509K, committed 69952K, reserved 1114112K
  class space    used 7988K, committed 8192K, reserved 1048576K
}

