# JRE version: OpenJDK Runtime Environment (21.0.7) (build 21.0.7+-13880790-b1038.58)
# Java VM: OpenJDK 64-Bit Server VM (21.0.7+-13880790-b1038.58, mixed mode, tiered, compressed oops, compressed class ptrs, g1 gc, linux-amd64)
GC Precious Log:
 CardTable entry size: 512
 Card Set container configuration: InlinePtr #cards 5 size 8 Array Of Cards #cards 12 size 40 Howl #buckets 4 coarsen threshold 1843 Howl Bitmap #cards 512 size 80 coarsen threshold 460 Card regions per heap region 1 cards per card region 2048
 CPUs: 8 total, 8 available
 Memory: 19799M
 Large Page Support: Disabled
 NUMA Support: Disabled
 Compressed Oops: Enabled (32-bit)
 Heap Region Size: 1M
 Heap Min Capacity: 8M
 Heap Initial Capacity: 310M
 Heap Max Capacity: 2G
 Pre-touch: Disabled
 Parallel Workers: 8
 Concurrent Workers: 2
 Concurrent Refinement Workers: 8
 Periodic GC: Disabled
Heap:
 garbage-first heap   total 194560K, used 152868K [0x0000000080000000, 0x0000000100000000)
  region size 1024K, 123 young (125952K), 12 survivors (12288K)
 Metaspace       used 57495K, committed 59008K, reserved 1114112K
  class space    used 7832K, committed 8576K, reserved 1048576K
GC Heap History (19 events):
Event: 0.218 GC heap before
{Heap before GC invocations=0 (full 0):
 garbage-first heap   total 317440K, used 22528K [0x0000000080000000, 0x0000000100000000)
  region size 1024K, 23 young (23552K), 0 survivors (0K)
 Metaspace       used 8015K, committed 8192K, reserved 1114112K
  class space    used 714K, committed 768K, reserved 1048576K
}
Event: 0.220 GC heap after
{Heap after GC invocations=1 (full 0):
 garbage-first heap   total 317440K, used 5531K [0x0000000080000000, 0x0000000100000000)
  region size 1024K, 3 young (3072K), 3 survivors (3072K)
 Metaspace       used 8015K, committed 8192K, reserved 1114112K
  class space    used 714K, committed 768K, reserved 1048576K
}
Event: 0.459 GC heap before
{Heap before GC invocations=1 (full 0):
 garbage-first heap   total 317440K, used 39323K [0x0000000080000000, 0x0000000100000000)
  region size 1024K, 34 young (34816K), 3 survivors (3072K)
 Metaspace       used 12261K, committed 12416K, reserved 1114112K
  class space    used 1308K, committed 1408K, reserved 1048576K
}
Event: 0.461 GC heap after
{Heap after GC invocations=2 (full 0):
 garbage-first heap   total 317440K, used 11945K [0x0000000080000000, 0x0000000100000000)
  region size 1024K, 3 young (3072K), 3 survivors (3072K)
 Metaspace       used 12261K, committed 12416K, reserved 1114112K
  class space    used 1308K, committed 1408K, reserved 1048576K
}
Event: 0.812 GC heap before
{Heap before GC invocations=2 (full 0):
 garbage-first heap   total 317440K, used 58025K [0x0000000080000000, 0x0000000100000000)
  region size 1024K, 47 young (48128K), 3 survivors (3072K)
 Metaspace       used 19225K, committed 19520K, reserved 1114112K
  class space    used 2197K, committed 2368K, reserved 1048576K
}
Event: 0.816 GC heap after
{Heap after GC invocations=3 (full 0):
 garbage-first heap   total 317440K, used 19572K [0x0000000080000000, 0x0000000100000000)
  region size 1024K, 6 young (6144K), 6 survivors (6144K)
 Metaspace       used 19225K, committed 19520K, reserved 1114112K
  class space    used 2197K, committed 2368K, reserved 1048576K
}
Event: 0.895 GC heap before
{Heap before GC invocations=3 (full 0):
 garbage-first heap   total 317440K, used 31860K [0x0000000080000000, 0x0000000100000000)
  region size 1024K, 19 young (19456K), 6 survivors (6144K)
 Metaspace       used 21240K, committed 21504K, reserved 1114112K
  class space    used 2473K, committed 2624K, reserved 1048576K
}
Event: 0.897 GC heap after
{Heap after GC invocations=4 (full 0):
 garbage-first heap   total 317440K, used 20274K [0x0000000080000000, 0x0000000100000000)
  region size 1024K, 7 young (7168K), 7 survivors (7168K)
 Metaspace       used 21240K, committed 21504K, reserved 1114112K
  class space    used 2473K, committed 2624K, reserved 1048576K
}
Event: 1.235 GC heap before
{Heap before GC invocations=5 (full 0):
 garbage-first heap   total 71680K, used 55090K [0x0000000080000000, 0x0000000100000000)
  region size 1024K, 42 young (43008K), 7 survivors (7168K)
 Metaspace       used 27209K, committed 27648K, reserved 1114112K
  class space    used 3432K, committed 3648K, reserved 1048576K
}
Event: 1.240 GC heap after
{Heap after GC invocations=6 (full 0):
 garbage-first heap   total 71680K, used 22263K [0x0000000080000000, 0x0000000100000000)
  region size 1024K, 3 young (3072K), 3 survivors (3072K)
 Metaspace       used 27209K, committed 27648K, reserved 1114112K
  class space    used 3432K, committed 3648K, reserved 1048576K
}
Event: 1.559 GC heap before
{Heap before GC invocations=6 (full 0):
 garbage-first heap   total 71680K, used 57079K [0x0000000080000000, 0x0000000100000000)
  region size 1024K, 37 young (37888K), 3 survivors (3072K)
 Metaspace       used 31735K, committed 32384K, reserved 1114112K
  class space    used 4220K, committed 4544K, reserved 1048576K
}
Event: 1.563 GC heap after
{Heap after GC invocations=7 (full 0):
 garbage-first heap   total 71680K, used 24772K [0x0000000080000000, 0x0000000100000000)
  region size 1024K, 5 young (5120K), 5 survivors (5120K)
 Metaspace       used 31735K, committed 32384K, reserved 1114112K
  class space    used 4220K, committed 4544K, reserved 1048576K
}
Event: 1.735 GC heap before
{Heap before GC invocations=7 (full 0):
 garbage-first heap   total 71680K, used 48324K [0x0000000080000000, 0x0000000100000000)
  region size 1024K, 29 young (29696K), 5 survivors (5120K)
 Metaspace       used 35226K, committed 36096K, reserved 1114112K
  class space    used 4781K, committed 5184K, reserved 1048576K
}
Event: 1.738 GC heap after
{Heap after GC invocations=8 (full 0):
 garbage-first heap   total 71680K, used 26016K [0x0000000080000000, 0x0000000100000000)
  region size 1024K, 2 young (2048K), 2 survivors (2048K)
 Metaspace       used 35226K, committed 36096K, reserved 1114112K
  class space    used 4781K, committed 5184K, reserved 1048576K
}
Event: 2.067 GC heap before
{Heap before GC invocations=9 (full 0):
 garbage-first heap   total 71680K, used 60832K [0x0000000080000000, 0x0000000100000000)
  region size 1024K, 36 young (36864K), 2 survivors (2048K)
 Metaspace       used 42698K, committed 43584K, reserved 1114112K
  class space    used 5777K, committed 6208K, reserved 1048576K
}
Event: 2.071 GC heap after
{Heap after GC invocations=10 (full 0):
 garbage-first heap   total 71680K, used 29294K [0x0000000080000000, 0x0000000100000000)
  region size 1024K, 5 young (5120K), 5 survivors (5120K)
 Metaspace       used 42698K, committed 43584K, reserved 1114112K
  class space    used 5777K, committed 6208K, reserved 1048576K
}
Event: 2.252 GC heap before
{Heap before GC invocations=10 (full 0):
 garbage-first heap   total 71680K, used 60014K [0x0000000080000000, 0x0000000100000000)
  region size 1024K, 36 young (36864K), 5 survivors (5120K)
 Metaspace       used 44307K, committed 45248K, reserved 1114112K
  class space    used 5957K, committed 6400K, reserved 1048576K
}
Event: 2.257 GC heap after
{Heap after GC invocations=11 (full 0):
 garbage-first heap   total 194560K, used 32036K [0x0000000080000000, 0x0000000100000000)
  region size 1024K, 3 young (3072K), 3 survivors (3072K)
 Metaspace       used 44307K, committed 45248K, reserved 1114112K
  class space    used 5957K, committed 6400K, reserved 1048576K
}
Event: 3.108 GC heap before
{Heap before GC invocations=11 (full 0):
 garbage-first heap   total 194560K, used 152868K [0x0000000080000000, 0x0000000100000000)
  region size 1024K, 114 young (116736K), 3 survivors (3072K)
 Metaspace       used 57495K, committed 59008K, reserved 1114112K
  class space    used 7832K, committed 8576K, reserved 1048576K
}

