# JRE version: OpenJDK Runtime Environment (21.0.7) (build 21.0.7+-13880790-b1038.58)
# Java VM: OpenJDK 64-Bit Server VM (21.0.7+-13880790-b1038.58, mixed mode, tiered, compressed oops, compressed class ptrs, g1 gc, linux-amd64)
GC Precious Log:
 CardTable entry size: 512
 Card Set container configuration: InlinePtr #cards 4 size 8 Array Of Cards #cards 32 size 80 Howl #buckets 8 coarsen threshold 7372 Howl Bitmap #cards 1024 size 144 coarsen threshold 921 Card regions per heap region 1 cards per card region 8192
 CPUs: 8 total, 8 available
 Memory: 19799M
 Large Page Support: Disabled
 NUMA Support: Disabled
 Compressed Oops: Enabled (Zero based)
 Heap Region Size: 4M
 Heap Min Capacity: 8M
 Heap Initial Capacity: 312M
 Heap Max Capacity: 4952M
 Pre-touch: Disabled
 Parallel Workers: 8
 Concurrent Workers: 2
 Concurrent Refinement Workers: 8
 Periodic GC: Disabled
Heap:
 garbage-first heap   total 221184K, used 159547K [0x00000006ca800000, 0x0000000800000000)
  region size 4096K, 8 young (32768K), 1 survivors (4096K)
 Metaspace       used 86424K, committed 86848K, reserved 1179648K
  class space    used 9602K, committed 9792K, reserved 1048576K
GC Heap History (20 events):
Event: 3.495 GC heap after
{Heap after GC invocations=13 (full 0):
 garbage-first heap   total 143360K, used 58864K [0x00000006ca800000, 0x0000000800000000)
  region size 4096K, 1 young (4096K), 1 survivors (4096K)
 Metaspace       used 56839K, committed 57152K, reserved 1114112K
  class space    used 6557K, committed 6656K, reserved 1048576K
}
Event: 4.030 GC heap before
{Heap before GC invocations=14 (full 0):
 garbage-first heap   total 143360K, used 108016K [0x00000006ca800000, 0x0000000800000000)
  region size 4096K, 13 young (53248K), 1 survivors (4096K)
 Metaspace       used 60537K, committed 60864K, reserved 1114112K
  class space    used 7043K, committed 7168K, reserved 1048576K
}
Event: 4.046 GC heap after
{Heap after GC invocations=15 (full 0):
 garbage-first heap   total 143360K, used 72981K [0x00000006ca800000, 0x0000000800000000)
  region size 4096K, 2 young (8192K), 2 survivors (8192K)
 Metaspace       used 60537K, committed 60864K, reserved 1114112K
  class space    used 7043K, committed 7168K, reserved 1048576K
}
Event: 4.619 GC heap before
{Heap before GC invocations=15 (full 0):
 garbage-first heap   total 143360K, used 113941K [0x00000006ca800000, 0x0000000800000000)
  region size 4096K, 12 young (49152K), 2 survivors (8192K)
 Metaspace       used 65007K, committed 65344K, reserved 1114112K
  class space    used 7596K, committed 7744K, reserved 1048576K
}
Event: 4.632 GC heap after
{Heap after GC invocations=16 (full 0):
 garbage-first heap   total 143360K, used 80728K [0x00000006ca800000, 0x0000000800000000)
  region size 4096K, 2 young (8192K), 2 survivors (8192K)
 Metaspace       used 65007K, committed 65344K, reserved 1114112K
  class space    used 7596K, committed 7744K, reserved 1048576K
}
Event: 5.066 GC heap before
{Heap before GC invocations=16 (full 0):
 garbage-first heap   total 143360K, used 117592K [0x00000006ca800000, 0x0000000800000000)
  region size 4096K, 11 young (45056K), 2 survivors (8192K)
 Metaspace       used 65839K, committed 66176K, reserved 1114112K
  class space    used 7635K, committed 7808K, reserved 1048576K
}
Event: 5.079 GC heap after
{Heap after GC invocations=17 (full 0):
 garbage-first heap   total 143360K, used 90048K [0x00000006ca800000, 0x0000000800000000)
  region size 4096K, 2 young (8192K), 2 survivors (8192K)
 Metaspace       used 65839K, committed 66176K, reserved 1114112K
  class space    used 7635K, committed 7808K, reserved 1048576K
}
Event: 5.712 GC heap before
{Heap before GC invocations=18 (full 0):
 garbage-first heap   total 151552K, used 114624K [0x00000006ca800000, 0x0000000800000000)
  region size 4096K, 9 young (36864K), 2 survivors (8192K)
 Metaspace       used 69102K, committed 69440K, reserved 1114112K
  class space    used 7977K, committed 8128K, reserved 1048576K
}
Event: 5.727 GC heap after
{Heap after GC invocations=19 (full 0):
 garbage-first heap   total 151552K, used 96958K [0x00000006ca800000, 0x0000000800000000)
  region size 4096K, 2 young (8192K), 2 survivors (8192K)
 Metaspace       used 69102K, committed 69440K, reserved 1114112K
  class space    used 7977K, committed 8128K, reserved 1048576K
}
Event: 6.207 GC heap before
{Heap before GC invocations=19 (full 0):
 garbage-first heap   total 151552K, used 125630K [0x00000006ca800000, 0x0000000800000000)
  region size 4096K, 9 young (36864K), 2 survivors (8192K)
 Metaspace       used 69823K, committed 70208K, reserved 1114112K
  class space    used 8005K, committed 8192K, reserved 1048576K
}
Event: 6.218 GC heap after
{Heap after GC invocations=20 (full 0):
 garbage-first heap   total 151552K, used 104210K [0x00000006ca800000, 0x0000000800000000)
  region size 4096K, 2 young (8192K), 2 survivors (8192K)
 Metaspace       used 69823K, committed 70208K, reserved 1114112K
  class space    used 8005K, committed 8192K, reserved 1048576K
}
Event: 6.495 GC heap before
{Heap before GC invocations=20 (full 0):
 garbage-first heap   total 151552K, used 124690K [0x00000006ca800000, 0x0000000800000000)
  region size 4096K, 8 young (32768K), 2 survivors (8192K)
 Metaspace       used 71592K, committed 71936K, reserved 1114112K
  class space    used 8162K, committed 8320K, reserved 1048576K
}
Event: 6.503 GC heap after
{Heap after GC invocations=21 (full 0):
 garbage-first heap   total 184320K, used 108535K [0x00000006ca800000, 0x0000000800000000)
  region size 4096K, 1 young (4096K), 1 survivors (4096K)
 Metaspace       used 71592K, committed 71936K, reserved 1114112K
  class space    used 8162K, committed 8320K, reserved 1048576K
}
Event: 7.153 GC heap before
{Heap before GC invocations=22 (full 0):
 garbage-first heap   total 184320K, used 149495K [0x00000006ca800000, 0x0000000800000000)
  region size 4096K, 12 young (49152K), 1 survivors (4096K)
 Metaspace       used 77038K, committed 77440K, reserved 1179648K
  class space    used 8643K, committed 8832K, reserved 1048576K
}
Event: 7.163 GC heap after
{Heap after GC invocations=23 (full 0):
 garbage-first heap   total 184320K, used 116689K [0x00000006ca800000, 0x0000000800000000)
  region size 4096K, 2 young (8192K), 2 survivors (8192K)
 Metaspace       used 77038K, committed 77440K, reserved 1179648K
  class space    used 8643K, committed 8832K, reserved 1048576K
}
Event: 7.685 GC heap before
{Heap before GC invocations=23 (full 0):
 garbage-first heap   total 184320K, used 153553K [0x00000006ca800000, 0x0000000800000000)
  region size 4096K, 12 young (49152K), 2 survivors (8192K)
 Metaspace       used 80088K, committed 80448K, reserved 1179648K
  class space    used 8933K, committed 9088K, reserved 1048576K
}
Event: 7.699 GC heap after
{Heap after GC invocations=24 (full 0):
 garbage-first heap   total 184320K, used 122864K [0x00000006ca800000, 0x0000000800000000)
  region size 4096K, 2 young (8192K), 2 survivors (8192K)
 Metaspace       used 80088K, committed 80448K, reserved 1179648K
  class space    used 8933K, committed 9088K, reserved 1048576K
}
Event: 8.182 GC heap before
{Heap before GC invocations=24 (full 0):
 garbage-first heap   total 184320K, used 159728K [0x00000006ca800000, 0x0000000800000000)
  region size 4096K, 11 young (45056K), 2 survivors (8192K)
 Metaspace       used 81845K, committed 82240K, reserved 1179648K
  class space    used 9100K, committed 9280K, reserved 1048576K
}
Event: 8.191 GC heap after
{Heap after GC invocations=25 (full 0):
 garbage-first heap   total 184320K, used 130875K [0x00000006ca800000, 0x0000000800000000)
  region size 4096K, 2 young (8192K), 2 survivors (8192K)
 Metaspace       used 81845K, committed 82240K, reserved 1179648K
  class space    used 9100K, committed 9280K, reserved 1048576K
}
Event: 8.620 GC heap before
{Heap before GC invocations=26 (full 0):
 garbage-first heap   total 221184K, used 159547K [0x00000006ca800000, 0x0000000800000000)
  region size 4096K, 9 young (36864K), 2 survivors (8192K)
 Metaspace       used 86424K, committed 86848K, reserved 1179648K
  class space    used 9602K, committed 9792K, reserved 1048576K
}

